<?xml version="1.0" encoding="UTF-8" ?>
<testsuite tests="1" failures="0" name="cz.muni.fi.xlejsal.PA165.helloWorld.AppTest" time="0.002" errors="0" skipped="0">
  <properties>
    <property name="java.runtime.name" value="Java(TM) SE Runtime Environment"/>
    <property name="sun.boot.library.path" value="/packages/run.64/jdk-1.8.0/jdk1.8.0_152/jre/lib/amd64"/>
    <property name="java.vm.version" value="25.152-b16"/>
    <property name="java.vm.vendor" value="Oracle Corporation"/>
    <property name="maven.multiModuleProjectDirectory" value="/home/xlejsal/PA165/seminar01/hello-world"/>
    <property name="java.vendor.url" value="http://java.oracle.com/"/>
    <property name="path.separator" value=":"/>
    <property name="guice.disable.misplaced.annotation.check" value="true"/>
    <property name="java.vm.name" value="Java HotSpot(TM) 64-Bit Server VM"/>
    <property name="file.encoding.pkg" value="sun.io"/>
    <property name="user.country" value="CZ"/>
    <property name="sun.java.launcher" value="SUN_STANDARD"/>
    <property name="sun.os.patch.level" value="unknown"/>
    <property name="java.vm.specification.name" value="Java Virtual Machine Specification"/>
    <property name="user.dir" value="/home/xlejsal/PA165/seminar01/hello-world"/>
    <property name="java.runtime.version" value="1.8.0_152-b16"/>
    <property name="java.awt.graphicsenv" value="sun.awt.X11GraphicsEnvironment"/>
    <property name="java.endorsed.dirs" value="/packages/run.64/jdk-1.8.0/jdk1.8.0_152/jre/lib/endorsed"/>
    <property name="os.arch" value="amd64"/>
    <property name="java.io.tmpdir" value="/tmp"/>
    <property name="line.separator" value="
"/>
    <property name="java.vm.specification.vendor" value="Oracle Corporation"/>
    <property name="os.name" value="Linux"/>
    <property name="classworlds.conf" value="/packages/run.64/maven-3.5/current/bin/m2.conf"/>
    <property name="sun.jnu.encoding" value="UTF-8"/>
    <property name="java.library.path" value="/packages/run.64/gmp-4.3.2/lib:/usr/java/packages/lib/amd64:/usr/lib64:/lib64:/lib:/usr/lib"/>
    <property name="maven.conf" value="/packages/run.64/maven-3.5/current/conf"/>
    <property name="java.specification.name" value="Java Platform API Specification"/>
    <property name="java.class.version" value="52.0"/>
    <property name="sun.management.compiler" value="HotSpot 64-Bit Tiered Compilers"/>
    <property name="os.version" value="4.15.0-34-generic"/>
    <property name="library.jansi.path" value="/packages/run.64/maven-3.5/current/lib/jansi-native"/>
    <property name="user.home" value="/home/xlejsal"/>
    <property name="user.timezone" value="Europe/Prague"/>
    <property name="java.awt.printerjob" value="sun.print.PSPrinterJob"/>
    <property name="java.specification.version" value="1.8"/>
    <property name="file.encoding" value="UTF-8"/>
    <property name="user.name" value="xlejsal"/>
    <property name="java.class.path" value="/packages/run.64/maven-3.5/current/boot/plexus-classworlds-2.5.2.jar"/>
    <property name="java.vm.specification.version" value="1.8"/>
    <property name="sun.arch.data.model" value="64"/>
    <property name="java.home" value="/packages/run.64/jdk-1.8.0/jdk1.8.0_152/jre"/>
    <property name="sun.java.command" value="org.codehaus.plexus.classworlds.launcher.Launcher clean install"/>
    <property name="java.specification.vendor" value="Oracle Corporation"/>
    <property name="user.language" value="cs"/>
    <property name="awt.toolkit" value="sun.awt.X11.XToolkit"/>
    <property name="java.vm.info" value="mixed mode"/>
    <property name="java.version" value="1.8.0_152"/>
    <property name="java.ext.dirs" value="/packages/run.64/jdk-1.8.0/jdk1.8.0_152/jre/lib/ext:/usr/java/packages/lib/ext"/>
    <property name="securerandom.source" value="file:/dev/./urandom"/>
    <property name="sun.boot.class.path" value="/packages/run.64/jdk-1.8.0/jdk1.8.0_152/jre/lib/resources.jar:/packages/run.64/jdk-1.8.0/jdk1.8.0_152/jre/lib/rt.jar:/packages/run.64/jdk-1.8.0/jdk1.8.0_152/jre/lib/sunrsasign.jar:/packages/run.64/jdk-1.8.0/jdk1.8.0_152/jre/lib/jsse.jar:/packages/run.64/jdk-1.8.0/jdk1.8.0_152/jre/lib/jce.jar:/packages/run.64/jdk-1.8.0/jdk1.8.0_152/jre/lib/charsets.jar:/packages/run.64/jdk-1.8.0/jdk1.8.0_152/jre/lib/jfr.jar:/packages/run.64/jdk-1.8.0/jdk1.8.0_152/jre/classes"/>
    <property name="java.vendor" value="Oracle Corporation"/>
    <property name="maven.home" value="/packages/run.64/maven-3.5/current"/>
    <property name="file.separator" value="/"/>
    <property name="java.vendor.url.bug" value="http://bugreport.sun.com/bugreport/"/>
    <property name="sun.cpu.endian" value="little"/>
    <property name="sun.io.unicode.encoding" value="UnicodeLittle"/>
    <property name="sun.desktop" value="gnome"/>
    <property name="sun.cpu.isalist" value=""/>
  </properties>
  <testcase classname="cz.muni.fi.xlejsal.PA165.helloWorld.AppTest" name="testApp" time="0.002"/>
</testsuite>